<?xml version="1.0" encoding="UTF-8"?>
<!-- Generated by org.testng.reporters.JUnitReportReporter -->
<testsuite hostname="DESKTOP-766P9AG" failures="0" tests="2" name="tests.SauceDemoLoginTest" time="10.386" errors="0" timestamp="2022-01-25T12:54:02 EST" skipped="0">
  <testcase classname="tests.SauceDemoLoginTest" name="inventoryTest" time="4.284"/>
  <system-out/>
  <testcase classname="tests.SauceDemoLoginTest" name="loginPageTest" time="6.102"/>
  <system-out/>
</testsuite> <!-- tests.SauceDemoLoginTest -->
